The target system is: Generic -  - arm
The host system is: Windows - 6.2 - AMD64
Determining if files stdatomic.h exist passed with the following output:
Change Dir: G:/projects/switch/eclipse_workspace/standalone_bsp_0/ps7_cortexa9_1/libsrc/openamp_v1_5/build_openamp/CMakeFiles/CMakeTmp

Run Build Command:"C:/Xilinx/SDK/2019.1/gnuwin/bin/make.exe" "cmTC_744fa/fast"
C:/Xilinx/SDK/2019.1/gnuwin/bin/make.exe -f CMakeFiles/cmTC_744fa.dir/build.make CMakeFiles/cmTC_744fa.dir/build
make.exe[1]: Entering directory 'G:/projects/switch/eclipse_workspace/standalone_bsp_0/ps7_cortexa9_1/libsrc/openamp_v1_5/build_openamp/CMakeFiles/CMakeTmp'
Building C object CMakeFiles/cmTC_744fa.dir/CheckIncludeFiles.c.obj
C:/Xilinx/SDK/2019.1/gnu/aarch32/nt/gcc-arm-none-eabi/bin/arm-none-eabi-gcc.exe   -O2 -c -mcpu=cortex-a9 -mfpu=vfpv3 -mfloat-abi=hard -nostartfiles -g -Wall -Wextra -DUSE_AMP=1 -IG:/projects/switch/eclipse_workspace/standalone_bsp_0/ps7_cortexa9_1/include -Wall -Wextra -c   -o CMakeFiles/cmTC_744fa.dir/CheckIncludeFiles.c.obj   -c G:/projects/switch/eclipse_workspace/standalone_bsp_0/ps7_cortexa9_1/libsrc/openamp_v1_5/build_openamp/CMakeFiles/CMakeTmp/CheckIncludeFiles.c
Linking C executable cmTC_744fa
C:/Xilinx/SDK/2019.1/gnu/aarch32/nt/gcc-arm-none-eabi/bin/arm-none-eabi-gcc.exe  -O2 -c -mcpu=cortex-a9 -mfpu=vfpv3 -mfloat-abi=hard -nostartfiles -g -Wall -Wextra -DUSE_AMP=1 -IG:/projects/switch/eclipse_workspace/standalone_bsp_0/ps7_cortexa9_1/include -Wall -Wextra -c    "CMakeFiles/cmTC_744fa.dir/CheckIncludeFiles.c.obj"   -o cmTC_744fa  
arm-none-eabi-gcc.exe: warning: CMakeFiles/cmTC_744fa.dir/CheckIncludeFiles.c.obj: linker input file unused because linking not done
make.exe[1]: Leaving directory 'G:/projects/switch/eclipse_workspace/standalone_bsp_0/ps7_cortexa9_1/libsrc/openamp_v1_5/build_openamp/CMakeFiles/CMakeTmp'


Determining if files fcntl.h exist passed with the following output:
Change Dir: G:/projects/switch/eclipse_workspace/standalone_bsp_0/ps7_cortexa9_1/libsrc/openamp_v1_5/build_openamp/CMakeFiles/CMakeTmp

Run Build Command:"C:/Xilinx/SDK/2019.1/gnuwin/bin/make.exe" "cmTC_d75fc/fast"
C:/Xilinx/SDK/2019.1/gnuwin/bin/make.exe -f CMakeFiles/cmTC_d75fc.dir/build.make CMakeFiles/cmTC_d75fc.dir/build
make.exe[1]: Entering directory 'G:/projects/switch/eclipse_workspace/standalone_bsp_0/ps7_cortexa9_1/libsrc/openamp_v1_5/build_openamp/CMakeFiles/CMakeTmp'
Building C object CMakeFiles/cmTC_d75fc.dir/CheckIncludeFiles.c.obj
C:/Xilinx/SDK/2019.1/gnu/aarch32/nt/gcc-arm-none-eabi/bin/arm-none-eabi-gcc.exe   -O2 -c -mcpu=cortex-a9 -mfpu=vfpv3 -mfloat-abi=hard -nostartfiles -g -Wall -Wextra -DUSE_AMP=1 -IG:/projects/switch/eclipse_workspace/standalone_bsp_0/ps7_cortexa9_1/include -Wall -Wextra -c   -o CMakeFiles/cmTC_d75fc.dir/CheckIncludeFiles.c.obj   -c G:/projects/switch/eclipse_workspace/standalone_bsp_0/ps7_cortexa9_1/libsrc/openamp_v1_5/build_openamp/CMakeFiles/CMakeTmp/CheckIncludeFiles.c
Linking C executable cmTC_d75fc
C:/Xilinx/SDK/2019.1/gnu/aarch32/nt/gcc-arm-none-eabi/bin/arm-none-eabi-gcc.exe  -O2 -c -mcpu=cortex-a9 -mfpu=vfpv3 -mfloat-abi=hard -nostartfiles -g -Wall -Wextra -DUSE_AMP=1 -IG:/projects/switch/eclipse_workspace/standalone_bsp_0/ps7_cortexa9_1/include -Wall -Wextra -c    "CMakeFiles/cmTC_d75fc.dir/CheckIncludeFiles.c.obj"   -o cmTC_d75fc  
arm-none-eabi-gcc.exe: warning: CMakeFiles/cmTC_d75fc.dir/CheckIncludeFiles.c.obj: linker input file unused because linking not done
make.exe[1]: Leaving directory 'G:/projects/switch/eclipse_workspace/standalone_bsp_0/ps7_cortexa9_1/libsrc/openamp_v1_5/build_openamp/CMakeFiles/CMakeTmp'


